0 info it worked if it ends with ok
1 verbose cli [ '/Users/r7kamura/.nvm/versions/node/v6.1.0/bin/node',
1 verbose cli   '/Users/r7kamura/.nvm/versions/node/v6.1.0/bin/npm',
1 verbose cli   'run',
1 verbose cli   'lint' ]
2 info using npm@3.8.6
3 info using node@v6.1.0
4 verbose run-script [ 'prelint', 'lint', 'postlint' ]
5 info lifecycle amakankan@~prelint: amakankan@
6 silly lifecycle amakankan@~prelint: no script for prelint, continuing
7 info lifecycle amakankan@~lint: amakankan@
8 verbose lifecycle amakankan@~lint: unsafe-perm in lifecycle true
9 verbose lifecycle amakankan@~lint: PATH: /Users/r7kamura/.nvm/versions/node/v6.1.0/lib/node_modules/npm/bin/node-gyp-bin:/Users/r7kamura/src/github.com/amakan/amakankan/node_modules/.bin:/Users/r7kamura/.nvm/versions/node/v6.1.0/bin:/Users/r7kamura/.nvm/versions/node/v6.1.0/bin:/usr/local/heroku/bin:/Users/r7kamura/.rbenv/shims:/Users/r7kamura/.rbenv/bin:/Users/r7kamura/bin:/usr/local/bin:/usr/local/sbin:/usr/local/bin:/usr/bin:/bin:/usr/sbin:/sbin:/opt/X11/bin:/usr/local/MacGPG2/bin:/usr/local/heroku/bin:/Users/r7kamura/.rbenv/shims:/Users/r7kamura/.rbenv/bin:/Users/r7kamura/bin:/usr/local/sbin:/usr/local/Cellar/go/1.2.1/libexec/bin:/usr/local/Cellar/go/1.2.1/libexec/bin
10 verbose lifecycle amakankan@~lint: CWD: /Users/r7kamura/src/github.com/amakan/amakankan
11 silly lifecycle amakankan@~lint: Args: [ '-c', 'npm run lint:eslint && npm run lint:fixpack' ]
12 silly lifecycle amakankan@~lint: Returned: code: 1  signal: null
13 info lifecycle amakankan@~lint: Failed to exec lint script
14 verbose stack Error: amakankan@ lint: `npm run lint:eslint && npm run lint:fixpack`
14 verbose stack Exit status 1
14 verbose stack     at EventEmitter.<anonymous> (/Users/r7kamura/.nvm/versions/node/v6.1.0/lib/node_modules/npm/lib/utils/lifecycle.js:239:16)
14 verbose stack     at emitTwo (events.js:106:13)
14 verbose stack     at EventEmitter.emit (events.js:191:7)
14 verbose stack     at ChildProcess.<anonymous> (/Users/r7kamura/.nvm/versions/node/v6.1.0/lib/node_modules/npm/lib/utils/spawn.js:24:14)
14 verbose stack     at emitTwo (events.js:106:13)
14 verbose stack     at ChildProcess.emit (events.js:191:7)
14 verbose stack     at maybeClose (internal/child_process.js:850:16)
14 verbose stack     at Process.ChildProcess._handle.onexit (internal/child_process.js:215:5)
15 verbose pkgid amakankan@
16 verbose cwd /Users/r7kamura/src/github.com/amakan/amakankan
17 error Darwin 14.5.0
18 error argv "/Users/r7kamura/.nvm/versions/node/v6.1.0/bin/node" "/Users/r7kamura/.nvm/versions/node/v6.1.0/bin/npm" "run" "lint"
19 error node v6.1.0
20 error npm  v3.8.6
21 error code ELIFECYCLE
22 error amakankan@ lint: `npm run lint:eslint && npm run lint:fixpack`
22 error Exit status 1
23 error Failed at the amakankan@ lint script 'npm run lint:eslint && npm run lint:fixpack'.
23 error Make sure you have the latest version of node.js and npm installed.
23 error If you do, this is most likely a problem with the amakankan package,
23 error not with npm itself.
23 error Tell the author that this fails on your system:
23 error     npm run lint:eslint && npm run lint:fixpack
23 error You can get information on how to open an issue for this project with:
23 error     npm bugs amakankan
23 error Or if that isn't available, you can get their info via:
23 error     npm owner ls amakankan
23 error There is likely additional logging output above.
24 verbose exit [ 1, true ]
